clang_rt.asan_static_runtime_thunk-x86_64.lib(sanitizer_coverage_win_sections.cpp.obj) : error LNK2005: __start___sancov_cntrs already defined in clang_rt.asan-x86_64.lib(sanitizer_coverage_win_sections.cpp.obj)
clang_rt.asan_static_runtime_thunk-x86_64.lib(sanitizer_coverage_win_sections.cpp.obj) : error LNK2005: __stop___sancov_cntrs already defined in clang_rt.asan-x86_64.lib(sanitizer_coverage_win_sections.cpp.obj)
clang_rt.asan_static_runtime_thunk-x86_64.lib(sanitizer_coverage_win_sections.cpp.obj) : error LNK2005: __start___sancov_guards already defined in clang_rt.asan-x86_64.lib(sanitizer_coverage_win_sections.cpp.obj)
clang_rt.asan_static_runtime_thunk-x86_64.lib(sanitizer_coverage_win_sections.cpp.obj) : error LNK2005: __stop___sancov_guards already defined in clang_rt.asan-x86_64.lib(sanitizer_coverage_win_sections.cpp.obj)
clang_rt.asan_static_runtime_thunk-x86_64.lib(sanitizer_coverage_win_sections.cpp.obj) : error LNK2005: __start___sancov_pcs already defined in clang_rt.asan-x86_64.lib(sanitizer_coverage_win_sections.cpp.obj)
clang_rt.asan_static_runtime_thunk-x86_64.lib(sanitizer_coverage_win_sections.cpp.obj) : error LNK2005: __stop___sancov_pcs already defined in clang_rt.asan-x86_64.lib(sanitizer_coverage_win_sections.cpp.obj)
clang_rt.asan_static_runtime_thunk-x86_64.lib(asan_win_common_runtime_thunk.cpp.obj) : error LNK2005: __asan_option_detect_stack_use_after_return already defined in clang_rt.asan-x86_64.lib(asan_rtl.cpp.obj)
clang_rt.asan_static_runtime_thunk-x86_64.lib(asan_win_common_runtime_thunk.cpp.obj) : error LNK2005: __asan_shadow_memory_dynamic_address already defined in clang_rt.asan-x86_64.lib(asan_rtl.cpp.obj)
clang_rt.asan_static_runtime_thunk-x86_64.lib(asan_malloc_win_thunk.cpp.obj) : error LNK2005: _calloc_base already defined in clang_rt.asan-x86_64.lib(asan_malloc_win.cpp.obj)
clang_rt.asan_static_runtime_thunk-x86_64.lib(asan_malloc_win_thunk.cpp.obj) : error LNK2005: _calloc_dbg already defined in clang_rt.asan-x86_64.lib(asan_malloc_win.cpp.obj)
clang_rt.asan_static_runtime_thunk-x86_64.lib(asan_malloc_win_thunk.cpp.obj) : error LNK2005: _calloc_impl already defined in clang_rt.asan-x86_64.lib(asan_malloc_win.cpp.obj)
clang_rt.asan_static_runtime_thunk-x86_64.lib(asan_malloc_win_thunk.cpp.obj) : error LNK2005: _expand already defined in clang_rt.asan-x86_64.lib(asan_malloc_win.cpp.obj)
clang_rt.asan_static_runtime_thunk-x86_64.lib(asan_malloc_win_thunk.cpp.obj) : error LNK2005: _expand_dbg already defined in clang_rt.asan-x86_64.lib(asan_malloc_win.cpp.obj)
clang_rt.asan_static_runtime_thunk-x86_64.lib(asan_malloc_win_thunk.cpp.obj) : error LNK2005: _free_base already defined in clang_rt.asan-x86_64.lib(asan_malloc_win.cpp.obj)
clang_rt.asan_static_runtime_thunk-x86_64.lib(asan_malloc_win_thunk.cpp.obj) : error LNK2005: _free_dbg already defined in clang_rt.asan-x86_64.lib(asan_malloc_win.cpp.obj)
clang_rt.asan_static_runtime_thunk-x86_64.lib(asan_malloc_win_thunk.cpp.obj) : error LNK2005: _malloc_base already defined in clang_rt.asan-x86_64.lib(asan_malloc_win.cpp.obj)
clang_rt.asan_static_runtime_thunk-x86_64.lib(asan_malloc_win_thunk.cpp.obj) : error LNK2005: _malloc_dbg already defined in clang_rt.asan-x86_64.lib(asan_malloc_win.cpp.obj)
clang_rt.asan_static_runtime_thunk-x86_64.lib(asan_malloc_win_thunk.cpp.obj) : error LNK2005: _msize already defined in clang_rt.asan-x86_64.lib(asan_malloc_win.cpp.obj)
clang_rt.asan_static_runtime_thunk-x86_64.lib(asan_malloc_win_thunk.cpp.obj) : error LNK2005: _msize_base already defined in clang_rt.asan-x86_64.lib(asan_malloc_win.cpp.obj)
clang_rt.asan_static_runtime_thunk-x86_64.lib(asan_malloc_win_thunk.cpp.obj) : error LNK2005: _realloc_base already defined in clang_rt.asan-x86_64.lib(asan_malloc_win.cpp.obj)
clang_rt.asan_static_runtime_thunk-x86_64.lib(asan_malloc_win_thunk.cpp.obj) : error LNK2005: _realloc_dbg already defined in clang_rt.asan-x86_64.lib(asan_malloc_win.cpp.obj)
clang_rt.asan_static_runtime_thunk-x86_64.lib(asan_malloc_win_thunk.cpp.obj) : error LNK2005: _recalloc already defined in clang_rt.asan-x86_64.lib(asan_malloc_win.cpp.obj)
clang_rt.asan_static_runtime_thunk-x86_64.lib(asan_malloc_win_thunk.cpp.obj) : error LNK2005: _recalloc_base already defined in clang_rt.asan-x86_64.lib(asan_malloc_win.cpp.obj)
clang_rt.asan_static_runtime_thunk-x86_64.lib(asan_malloc_win_thunk.cpp.obj) : error LNK2005: calloc already defined in clang_rt.asan-x86_64.lib(asan_malloc_win.cpp.obj)
clang_rt.asan_static_runtime_thunk-x86_64.lib(asan_malloc_win_thunk.cpp.obj) : error LNK2005: free already defined in clang_rt.asan-x86_64.lib(asan_malloc_win.cpp.obj)
clang_rt.asan_static_runtime_thunk-x86_64.lib(asan_malloc_win_thunk.cpp.obj) : error LNK2005: malloc already defined in clang_rt.asan-x86_64.lib(asan_malloc_win.cpp.obj)
clang_rt.asan_static_runtime_thunk-x86_64.lib(asan_malloc_win_thunk.cpp.obj) : error LNK2005: realloc already defined in clang_rt.asan-x86_64.lib(asan_malloc_win.cpp.obj)
clang_rt.asan_static_runtime_thunk-x86_64.lib(asan_globals_win.cpp.obj) : error LNK2005: __asan_globals_start already defined in clang_rt.asan-x86_64.lib(asan_globals_win.cpp.obj)
clang_rt.asan_static_runtime_thunk-x86_64.lib(asan_globals_win.cpp.obj) : error LNK2005: __asan_globals_end already defined in clang_rt.asan-x86_64.lib(asan_globals_win.cpp.obj)
clang_rt.asan_static_runtime_thunk-x86_64.lib(asan_globals_win.cpp.obj) : error LNK2005: __asan_dso_reg_hook already defined in clang_rt.asan-x86_64.lib(asan_globals_win.cpp.obj)
clang_rt.asan_static_runtime_thunk-x86_64.lib(asan_globals_win.cpp.obj) : error LNK2005: __asan_dso_unreg_hook already defined in clang_rt.asan-x86_64.lib(asan_globals_win.cpp.obj)
skia.lib(skia.SkPath.obj) : error LNK2038: mismatch detected for 'annotate_string': value '0' doesn't match value '1' in main-a7d674.obj
skia.lib(skia.SkGraphics.obj) : error LNK2038: mismatch detected for 'annotate_string': value '0' doesn't match value '1' in main-a7d674.obj
skia.lib(gpu.GrGLMakeNativeInterface_win.obj) : error LNK2038: mismatch detected for 'annotate_string': value '0' doesn't match value '1' in main-a7d674.obj
skia.lib(gpu.GrDirectContext.obj) : error LNK2038: mismatch detected for 'annotate_string': value '0' doesn't match value '1' in main-a7d674.obj
skia.lib(skia.SkSurface.obj) : error LNK2038: mismatch detected for 'annotate_string': value '0' doesn't match value '1' in main-a7d674.obj
skia.lib(skia.SkImageInfo.obj) : error LNK2038: mismatch detected for 'annotate_string': value '0' doesn't match value '1' in main-a7d674.obj
skia.lib(gpu.SkSurface_Gpu.obj) : error LNK2038: mismatch detected for 'annotate_string': value '0' doesn't match value '1' in main-a7d674.obj
skia.lib(gpu.GrBackendSurface.obj) : error LNK2038: mismatch detected for 'annotate_string': value '0' doesn't match value '1' in main-a7d674.obj
skia.lib(skia.SkBitmap.obj) : error LNK2038: mismatch detected for 'annotate_string': value '0' doesn't match value '1' in main-a7d674.obj
skia.lib(skia.SkCanvas.obj) : error LNK2038: mismatch detected for 'annotate_string': value '0' doesn't match value '1' in main-a7d674.obj
skia.lib(skia.SkPaint.obj) : error LNK2038: mismatch detected for 'annotate_string': value '0' doesn't match value '1' in main-a7d674.obj
skia.lib(skia.SkBlurImageFilter.obj) : error LNK2038: mismatch detected for 'annotate_string': value '0' doesn't match value '1' in main-a7d674.obj
skia.lib(skia.SkColorFilter_Matrix.obj) : error LNK2038: mismatch detected for 'annotate_string': value '0' doesn't match value '1' in main-a7d674.obj
skia.lib(skia.SkGradientShader.obj) : error LNK2038: mismatch detected for 'annotate_string': value '0' doesn't match value '1' in main-a7d674.obj
skia.lib(skia.SkData.obj) : error LNK2038: mismatch detected for 'annotate_string': value '0' doesn't match value '1' in main-a7d674.obj
skia.lib(skia.SkTypeface.obj) : error LNK2038: mismatch detected for 'annotate_string': value '0' doesn't match value '1' in main-a7d674.obj
skia.lib(skia.SkFont.obj) : error LNK2038: mismatch detected for 'annotate_string': value '0' doesn't match value '1' in main-a7d674.obj
skia.lib(skia.SkShader.obj) : error LNK2038: mismatch detected for 'annotate_string': value '0' doesn't match value '1' in main-a7d674.obj
skia.lib(skia.SkTextBlob.obj) : error LNK2038: mismatch detected for 'annotate_string': value '0' doesn't match value '1' in main-a7d674.obj
skia.lib(skia.SkPictureRecorder.obj) : error LNK2038: mismatch detected for 'annotate_string': value '0' doesn't match value '1' in main-a7d674.obj
skia.lib(skia.SkPicture.obj) : error LNK2038: mismatch detected for 'annotate_string': value '0' doesn't match value '1' in main-a7d674.obj
skia.lib(skia.SkRect.obj) : error LNK2038: mismatch detected for 'annotate_string': value '0' doesn't match value '1' in main-a7d674.obj
skia.lib(skia.SkMatrix.obj) : error LNK2038: mismatch detected for 'annotate_string': value '0' doesn't match value '1' in main-a7d674.obj
skia.lib(skia.SkPathBuilder.obj) : error LNK2038: mismatch detected for 'annotate_string': value '0' doesn't match value '1' in main-a7d674.obj
skia.lib(skia.SkRRect.obj) : error LNK2038: mismatch detected for 'annotate_string': value '0' doesn't match value '1' in main-a7d674.obj
skia.lib(skia.SkGeometry.obj) : error LNK2038: mismatch detected for 'annotate_string': value '0' doesn't match value '1' in main-a7d674.obj
skia.lib(skia.SkString.obj) : error LNK2038: mismatch detected for 'annotate_string': value '0' doesn't match value '1' in main-a7d674.obj
skia.lib(skia.SkStringUtils.obj) : error LNK2038: mismatch detected for 'annotate_string': value '0' doesn't match value '1' in main-a7d674.obj
skia.lib(skia.SkResourceCache.obj) : error LNK2038: mismatch detected for 'annotate_string': value '0' doesn't match value '1' in main-a7d674.obj
skia.lib(skia.SkCpu.obj) : error LNK2038: mismatch detected for 'annotate_string': value '0' doesn't match value '1' in main-a7d674.obj
skia.lib(skia.SkImageFilter.obj) : error LNK2038: mismatch detected for 'annotate_string': value '0' doesn't match value '1' in main-a7d674.obj
skia.lib(skia.SkOpts.obj) : error LNK2038: mismatch detected for 'annotate_string': value '0' doesn't match value '1' in main-a7d674.obj
skia.lib(skia.SkStrikeCache.obj) : error LNK2038: mismatch detected for 'annotate_string': value '0' doesn't match value '1' in main-a7d674.obj
skia.lib(skia.SkTypefaceCache.obj) : error LNK2038: mismatch detected for 'annotate_string': value '0' doesn't match value '1' in main-a7d674.obj
skia.lib(skia.SkVM.obj) : error LNK2038: mismatch detected for 'annotate_string': value '0' doesn't match value '1' in main-a7d674.obj
skia.lib(gpu.GrGLAssembleGLInterfaceAutogen.obj) : error LNK2038: mismatch detected for 'annotate_string': value '0' doesn't match value '1' in main-a7d674.obj
skia.lib(gpu.GrGLAssembleGLESInterfaceAutogen.obj) : error LNK2038: mismatch detected for 'annotate_string': value '0' doesn't match value '1' in main-a7d674.obj
skia.lib(gpu.GrGLUtil.obj) : error LNK2038: mismatch detected for 'annotate_string': value '0' doesn't match value '1' in main-a7d674.obj
skia.lib(gpu.GrContext_Base.obj) : error LNK2038: mismatch detected for 'annotate_string': value '0' doesn't match value '1' in main-a7d674.obj
skia.lib(gpu.GrImageContext.obj) : error LNK2038: mismatch detected for 'annotate_string': value '0' doesn't match value '1' in main-a7d674.obj
skia.lib(gpu.GrRecordingContext.obj) : error LNK2038: mismatch detected for 'annotate_string': value '0' doesn't match value '1' in main-a7d674.obj
skia.lib(gpu.GrContextThreadSafeProxy.obj) : error LNK2038: mismatch detected for 'annotate_string': value '0' doesn't match value '1' in main-a7d674.obj
skia.lib(gpu.GrBackendUtils.obj) : error LNK2038: mismatch detected for 'annotate_string': value '0' doesn't match value '1' in main-a7d674.obj
skia.lib(gpu.GrGpuResource.obj) : error LNK2038: mismatch detected for 'annotate_string': value '0' doesn't match value '1' in main-a7d674.obj
skia.lib(gpu.GrClientMappedBufferManager.obj) : error LNK2038: mismatch detected for 'annotate_string': value '0' doesn't match value '1' in main-a7d674.obj
skia.lib(gpu.GrCaps.obj) : error LNK2038: mismatch detected for 'annotate_string': value '0' doesn't match value '1' in main-a7d674.obj
skia.lib(gpu.GrRecordingContextPriv.obj) : error LNK2038: mismatch detected for 'annotate_string': value '0' doesn't match value '1' in main-a7d674.obj
skia.lib(gpu_shared.TextBlobRedrawCoordinator.obj) : error LNK2038: mismatch detected for 'annotate_string': value '0' doesn't match value '1' in main-a7d674.obj
skia.lib(gpu.GrResourceCache.obj) : error LNK2038: mismatch detected for 'annotate_string': value '0' doesn't match value '1' in main-a7d674.obj
skia.lib(gpu.GrDrawingManager.obj) : error LNK2038: mismatch detected for 'annotate_string': value '0' doesn't match value '1' in main-a7d674.obj
skia.lib(gpu.GrColorInfo.obj) : error LNK2038: mismatch detected for 'annotate_string': value '0' doesn't match value '1' in main-a7d674.obj
skia.lib(gpu.GrImageInfo.obj) : error LNK2038: mismatch detected for 'annotate_string': value '0' doesn't match value '1' in main-a7d674.obj
skia.lib(gpu.GrGpu.obj) : error LNK2038: mismatch detected for 'annotate_string': value '0' doesn't match value '1' in main-a7d674.obj
skia.lib(gpu.GrResourceProvider.obj) : error LNK2038: mismatch detected for 'annotate_string': value '0' doesn't match value '1' in main-a7d674.obj
skia.lib(gpu.GrDataUtils.obj) : error LNK2038: mismatch detected for 'annotate_string': value '0' doesn't match value '1' in main-a7d674.obj
skia.lib(gpu.SurfaceContext.obj) : error LNK2038: mismatch detected for 'annotate_string': value '0' doesn't match value '1' in main-a7d674.obj
skia.lib(gpu.GrMockGpu.obj) : error LNK2038: mismatch detected for 'annotate_string': value '0' doesn't match value '1' in main-a7d674.obj
skia.lib(gpu.GrProxyProvider.obj) : error LNK2038: mismatch detected for 'annotate_string': value '0' doesn't match value '1' in main-a7d674.obj
skia.lib(gpu.GrAtlasManager.obj) : error LNK2038: mismatch detected for 'annotate_string': value '0' doesn't match value '1' in main-a7d674.obj
skia.lib(skia.SkMipmap.obj) : error LNK2038: mismatch detected for 'annotate_string': value '0' doesn't match value '1' in main-a7d674.obj
skia.lib(skia.SkStrikeSpec.obj) : error LNK2038: mismatch detected for 'annotate_string': value '0' doesn't match value '1' in main-a7d674.obj
skia.lib(gpu_shared.StrikeCache.obj) : error LNK2038: mismatch detected for 'annotate_string': value '0' doesn't match value '1' in main-a7d674.obj
skia.lib(gpu.SmallPathAtlasMgr.obj) : error LNK2038: mismatch detected for 'annotate_string': value '0' doesn't match value '1' in main-a7d674.obj
skia.lib(gpu.GrGLGpu.obj) : error LNK2038: mismatch detected for 'annotate_string': value '0' doesn't match value '1' in main-a7d674.obj
skia.lib(skia.SkRescaleAndReadPixels.obj) : error LNK2038: mismatch detected for 'annotate_string': value '0' doesn't match value '1' in main-a7d674.obj
skia.lib(skia.SkDeferredDisplayList.obj) : error LNK2038: mismatch detected for 'annotate_string': value '0' doesn't match value '1' in main-a7d674.obj
skia.lib(gpu.GrSurfaceProxy.obj) : error LNK2038: mismatch detected for 'annotate_string': value '0' doesn't match value '1' in main-a7d674.obj
skia.lib(skia.SkDevice.obj) : error LNK2038: mismatch detected for 'annotate_string': value '0' doesn't match value '1' in main-a7d674.obj
skia.lib(gpu.GrTextureProxy.obj) : error LNK2038: mismatch detected for 'annotate_string': value '0' doesn't match value '1' in main-a7d674.obj
skia.lib(gpu.GrRenderTargetProxy.obj) : error LNK2038: mismatch detected for 'annotate_string': value '0' doesn't match value '1' in main-a7d674.obj
skia.lib(gpu.Device.obj) : error LNK2038: mismatch detected for 'annotate_string': value '0' doesn't match value '1' in main-a7d674.obj
skia.lib(gpu.GrDirectContextPriv.obj) : error LNK2038: mismatch detected for 'annotate_string': value '0' doesn't match value '1' in main-a7d674.obj
skia.lib(gpu.SkImage_Gpu.obj) : error LNK2038: mismatch detected for 'annotate_string': value '0' doesn't match value '1' in main-a7d674.obj
skia.lib(gpu.GrGLTypesPriv.obj) : error LNK2038: mismatch detected for 'annotate_string': value '0' doesn't match value '1' in main-a7d674.obj
skia.lib(gpu.GrMockTypes.obj) : error LNK2038: mismatch detected for 'annotate_string': value '0' doesn't match value '1' in main-a7d674.obj
skia.lib(skia.SkPixmap.obj) : error LNK2038: mismatch detected for 'annotate_string': value '0' doesn't match value '1' in main-a7d674.obj
skia.lib(skia.SkConvertPixels.obj) : error LNK2038: mismatch detected for 'annotate_string': value '0' doesn't match value '1' in main-a7d674.obj
skia.lib(skia.SkImage.obj) : error LNK2038: mismatch detected for 'annotate_string': value '0' doesn't match value '1' in main-a7d674.obj
skia.lib(skia.SkBlendModeBlender.obj) : error LNK2038: mismatch detected for 'annotate_string': value '0' doesn't match value '1' in main-a7d674.obj
skia.lib(skia.SkColorFilter.obj) : error LNK2038: mismatch detected for 'annotate_string': value '0' doesn't match value '1' in main-a7d674.obj
skia.lib(skia.SkModeColorFilter.obj) : error LNK2038: mismatch detected for 'annotate_string': value '0' doesn't match value '1' in main-a7d674.obj
skia.lib(skia.SkLocalMatrixShader.obj) : error LNK2038: mismatch detected for 'annotate_string': value '0' doesn't match value '1' in main-a7d674.obj
skia.lib(skia.SkSurface_Raster.obj) : error LNK2038: mismatch detected for 'annotate_string': value '0' doesn't match value '1' in main-a7d674.obj
skia.lib(skia.SkBitmapDevice.obj) : error LNK2038: mismatch detected for 'annotate_string': value '0' doesn't match value '1' in main-a7d674.obj
skia.lib(skia.SkCanvasPriv.obj) : error LNK2038: mismatch detected for 'annotate_string': value '0' doesn't match value '1' in main-a7d674.obj
skia.lib(skia.SkSpecialImage.obj) : error LNK2038: mismatch detected for 'annotate_string': value '0' doesn't match value '1' in main-a7d674.obj
skia.lib(skia.SkImageFilterTypes.obj) : error LNK2038: mismatch detected for 'annotate_string': value '0' doesn't match value '1' in main-a7d674.obj
skia.lib(skia.SkLatticeIter.obj) : error LNK2038: mismatch detected for 'annotate_string': value '0' doesn't match value '1' in main-a7d674.obj
skia.lib(skia.SkMesh.obj) : error LNK2038: mismatch detected for 'annotate_string': value '0' doesn't match value '1' in main-a7d674.obj
skia.lib(skia.SkPaintPriv.obj) : error LNK2038: mismatch detected for 'annotate_string': value '0' doesn't match value '1' in main-a7d674.obj
skia.lib(skia.GlyphRun.obj) : error LNK2038: mismatch detected for 'annotate_string': value '0' doesn't match value '1' in main-a7d674.obj
skia.lib(skia.SkPathEffect.obj) : error LNK2038: mismatch detected for 'annotate_string': value '0' doesn't match value '1' in main-a7d674.obj
skia.lib(skia.SkColorSpaceXformSteps.obj) : error LNK2038: mismatch detected for 'annotate_string': value '0' doesn't match value '1' in main-a7d674.obj
skia.lib(skia.SkReadBuffer.obj) : error LNK2038: mismatch detected for 'annotate_string': value '0' doesn't match value '1' in main-a7d674.obj
skia.lib(skia.SkFlattenable.obj) : error LNK2038: mismatch detected for 'annotate_string': value '0' doesn't match value '1' in main-a7d674.obj
skia.lib(skia.SkGpuBlurUtils.obj) : error LNK2038: mismatch detected for 'annotate_string': value '0' doesn't match value '1' in main-a7d674.obj
skia.lib(gpu.SurfaceDrawContext.obj) : error LNK2038: mismatch detected for 'annotate_string': value '0' doesn't match value '1' in main-a7d674.obj
skia.lib(skia.SkRuntimeEffect.obj) : error LNK2038: mismatch detected for 'annotate_string': value '0' doesn't match value '1' in main-a7d674.obj
skia.lib(skia.SkKeyHelpers.obj) : error LNK2038: mismatch detected for 'annotate_string': value '0' doesn't match value '1' in main-a7d674.obj
skia.lib(skia.SkPaintParamsKey.obj) : error LNK2038: mismatch detected for 'annotate_string': value '0' doesn't match value '1' in main-a7d674.obj
skia.lib(gpu.GrProcessor.obj) : error LNK2038: mismatch detected for 'annotate_string': value '0' doesn't match value '1' in main-a7d674.obj
skia.lib(gpu.GrFragmentProcessor.obj) : error LNK2038: mismatch detected for 'annotate_string': value '0' doesn't match value '1' in main-a7d674.obj
skia.lib(gpu.GrSkSLFP.obj) : error LNK2038: mismatch detected for 'annotate_string': value '0' doesn't match value '1' in main-a7d674.obj
skia.lib(skia.SkColorShader.obj) : error LNK2038: mismatch detected for 'annotate_string': value '0' doesn't match value '1' in main-a7d674.obj
skia.lib(skia.SkRadialGradient.obj) : error LNK2038: mismatch detected for 'annotate_string': value '0' doesn't match value '1' in main-a7d674.obj
skia.lib(skia.SkTwoPointConicalGradient.obj) : error LNK2038: mismatch detected for 'annotate_string': value '0' doesn't match value '1' in main-a7d674.obj
skia.lib(skia.SkSweepGradient.obj) : error LNK2038: mismatch detected for 'annotate_string': value '0' doesn't match value '1' in main-a7d674.obj
skia.lib(skia.SkGradientShaderBase.obj) : error LNK2038: mismatch detected for 'annotate_string': value '0' doesn't match value '1' in main-a7d674.obj
skia.lib(skia.SkLinearGradient.obj) : error LNK2038: mismatch detected for 'annotate_string': value '0' doesn't match value '1' in main-a7d674.obj
skia.lib(skia.SkOSFile_stdio.obj) : error LNK2038: mismatch detected for 'annotate_string': value '0' doesn't match value '1' in main-a7d674.obj
skia.lib(skia.SkOSFile_win.obj) : error LNK2038: mismatch detected for 'annotate_string': value '0' doesn't match value '1' in main-a7d674.obj
skia.lib(skia.SkFontMgr.obj) : error LNK2038: mismatch detected for 'annotate_string': value '0' doesn't match value '1' in main-a7d674.obj
skia.lib(skia.SkStream.obj) : error LNK2038: mismatch detected for 'annotate_string': value '0' doesn't match value '1' in main-a7d674.obj
skia.lib(skia.SkCustomTypeface.obj) : error LNK2038: mismatch detected for 'annotate_string': value '0' doesn't match value '1' in main-a7d674.obj
skia.lib(skia.SkFontDescriptor.obj) : error LNK2038: mismatch detected for 'annotate_string': value '0' doesn't match value '1' in main-a7d674.obj
skia.lib(skia.SkScalerContext.obj) : error LNK2038: mismatch detected for 'annotate_string': value '0' doesn't match value '1' in main-a7d674.obj
skia.lib(skia.SkDescriptor.obj) : error LNK2038: mismatch detected for 'annotate_string': value '0' doesn't match value '1' in main-a7d674.obj
skia.lib(skia.SkGlyph.obj) : error LNK2038: mismatch detected for 'annotate_string': value '0' doesn't match value '1' in main-a7d674.obj
skia.lib(skia.SkColorFilterShader.obj) : error LNK2038: mismatch detected for 'annotate_string': value '0' doesn't match value '1' in main-a7d674.obj
skia.lib(skia.SkImage_Raster.obj) : error LNK2038: mismatch detected for 'annotate_string': value '0' doesn't match value '1' in main-a7d674.obj
skia.lib(skia.SkImageShader.obj) : error LNK2038: mismatch detected for 'annotate_string': value '0' doesn't match value '1' in main-a7d674.obj
skia.lib(skia.SkTransformShader.obj) : error LNK2038: mismatch detected for 'annotate_string': value '0' doesn't match value '1' in main-a7d674.obj
skia.lib(skia.SkFont_serial.obj) : error LNK2038: mismatch detected for 'annotate_string': value '0' doesn't match value '1' in main-a7d674.obj
skia.lib(skia.SkWriteBuffer.obj) : error LNK2038: mismatch detected for 'annotate_string': value '0' doesn't match value '1' in main-a7d674.obj
skia.lib(skia.SkDrawable.obj) : error LNK2038: mismatch detected for 'annotate_string': value '0' doesn't match value '1' in main-a7d674.obj
skia.lib(skia.SkBigPicture.obj) : error LNK2038: mismatch detected for 'annotate_string': value '0' doesn't match value '1' in main-a7d674.obj
skia.lib(skia.SkRecord.obj) : error LNK2038: mismatch detected for 'annotate_string': value '0' doesn't match value '1' in main-a7d674.obj
skia.lib(skia.SkRecordDraw.obj) : error LNK2038: mismatch detected for 'annotate_string': value '0' doesn't match value '1' in main-a7d674.obj
skia.lib(skia.SkRecordOpts.obj) : error LNK2038: mismatch detected for 'annotate_string': value '0' doesn't match value '1' in main-a7d674.obj
skia.lib(skia.SkRecorder.obj) : error LNK2038: mismatch detected for 'annotate_string': value '0' doesn't match value '1' in main-a7d674.obj
skia.lib(skia.SkRecordedDrawable.obj) : error LNK2038: mismatch detected for 'annotate_string': value '0' doesn't match value '1' in main-a7d674.obj
skia.lib(skia.SkPictureData.obj) : error LNK2038: mismatch detected for 'annotate_string': value '0' doesn't match value '1' in main-a7d674.obj
skia.lib(skia.SkPicturePlayback.obj) : error LNK2038: mismatch detected for 'annotate_string': value '0' doesn't match value '1' in main-a7d674.obj
skia.lib(skia.SkVertices.obj) : error LNK2038: mismatch detected for 'annotate_string': value '0' doesn't match value '1' in main-a7d674.obj
skia.lib(skia.SkPictureRecord.obj) : error LNK2038: mismatch detected for 'annotate_string': value '0' doesn't match value '1' in main-a7d674.obj
skia.lib(skia.SkPathOpsCubic.obj) : error LNK2038: mismatch detected for 'annotate_string': value '0' doesn't match value '1' in main-a7d674.obj
skia.lib(skia.SkDCubicLineIntersection.obj) : error LNK2038: mismatch detected for 'annotate_string': value '0' doesn't match value '1' in main-a7d674.obj
skia.lib(skia.SkSpecialSurface.obj) : error LNK2038: mismatch detected for 'annotate_string': value '0' doesn't match value '1' in main-a7d674.obj
skia.lib(skia.SkImageFilterCache.obj) : error LNK2038: mismatch detected for 'annotate_string': value '0' doesn't match value '1' in main-a7d674.obj
skia.lib(skia.SkLocalMatrixImageFilter.obj) : error LNK2038: mismatch detected for 'annotate_string': value '0' doesn't match value '1' in main-a7d674.obj
skia.lib(gpu.GrColorSpaceXform.obj) : error LNK2038: mismatch detected for 'annotate_string': value '0' doesn't match value '1' in main-a7d674.obj
skia.lib(gpu.SurfaceFillContext.obj) : error LNK2038: mismatch detected for 'annotate_string': value '0' doesn't match value '1' in main-a7d674.obj
skia.lib(sse42.SkOpts_sse42.obj) : error LNK2038: mismatch detected for 'annotate_string': value '0' doesn't match value '1' in main-a7d674.obj
skia.lib(hsw.SkOpts_hsw.obj) : error LNK2038: mismatch detected for 'annotate_string': value '0' doesn't match value '1' in main-a7d674.obj
skia.lib(skx.SkOpts_skx.obj) : error LNK2038: mismatch detected for 'annotate_string': value '0' doesn't match value '1' in main-a7d674.obj
skia.lib(skia.SkScalerCache.obj) : error LNK2038: mismatch detected for 'annotate_string': value '0' doesn't match value '1' in main-a7d674.obj
skia.lib(skia.StrikeForGPU.obj) : error LNK2038: mismatch detected for 'annotate_string': value '0' doesn't match value '1' in main-a7d674.obj
skia.lib(skia.SkVMVisualizer.obj) : error LNK2038: mismatch detected for 'annotate_string': value '0' doesn't match value '1' in main-a7d674.obj
skia.lib(gpu.GrGLExtensions.obj) : error LNK2038: mismatch detected for 'annotate_string': value '0' doesn't match value '1' in main-a7d674.obj
skia.lib(gpu.GrGLInterfaceAutogen.obj) : error LNK2038: mismatch detected for 'annotate_string': value '0' doesn't match value '1' in main-a7d674.obj
skia.lib(gpu.GrGLAssembleHelpers.obj) : error LNK2038: mismatch detected for 'annotate_string': value '0' doesn't match value '1' in main-a7d674.obj
skia.lib(gpu_shared.ShaderErrorHandler.obj) : error LNK2038: mismatch detected for 'annotate_string': value '0' doesn't match value '1' in main-a7d674.obj
skia.lib(gpu.AtlasTextOp.obj) : error LNK2038: mismatch detected for 'annotate_string': value '0' doesn't match value '1' in main-a7d674.obj
skia.lib(gpu.GrAuditTrail.obj) : error LNK2038: mismatch detected for 'annotate_string': value '0' doesn't match value '1' in main-a7d674.obj
skia.lib(gpu.GrThreadSafeCache.obj) : error LNK2038: mismatch detected for 'annotate_string': value '0' doesn't match value '1' in main-a7d674.obj
skia.lib(gpu.GrGpuBuffer.obj) : error LNK2038: mismatch detected for 'annotate_string': value '0' doesn't match value '1' in main-a7d674.obj
skia.lib(gpu.GrShaderCaps.obj) : error LNK2038: mismatch detected for 'annotate_string': value '0' doesn't match value '1' in main-a7d674.obj
skia.lib(gpu_shared.SDFTControl.obj) : error LNK2038: mismatch detected for 'annotate_string': value '0' doesn't match value '1' in main-a7d674.obj
skia.lib(gpu_shared.TextBlob.obj) : error LNK2038: mismatch detected for 'annotate_string': value '0' doesn't match value '1' in main-a7d674.obj
skia.lib(gpu.GrBufferAllocPool.obj) : error LNK2038: mismatch detected for 'annotate_string': value '0' doesn't match value '1' in main-a7d674.obj
skia.lib(gpu.PathRenderer.obj) : error LNK2038: mismatch detected for 'annotate_string': value '0' doesn't match value '1' in main-a7d674.obj
skia.lib(gpu.PathRendererChain.obj) : error LNK2038: mismatch detected for 'annotate_string': value '0' doesn't match value '1' in main-a7d674.obj
skia.lib(gpu.GrRenderTask.obj) : error LNK2038: mismatch detected for 'annotate_string': value '0' doesn't match value '1' in main-a7d674.obj
skia.lib(gpu.GrBufferTransferRenderTask.obj) : error LNK2038: mismatch detected for 'annotate_string': value '0' doesn't match value '1' in main-a7d674.obj
skia.lib(gpu.GrCopyRenderTask.obj) : error LNK2038: mismatch detected for 'annotate_string': value '0' doesn't match value '1' in main-a7d674.obj
skia.lib(gpu.GrDDLTask.obj) : error LNK2038: mismatch detected for 'annotate_string': value '0' doesn't match value '1' in main-a7d674.obj
skia.lib(gpu.GrOpFlushState.obj) : error LNK2038: mismatch detected for 'annotate_string': value '0' doesn't match value '1' in main-a7d674.obj
skia.lib(gpu.GrRenderTaskCluster.obj) : error LNK2038: mismatch detected for 'annotate_string': value '0' doesn't match value '1' in main-a7d674.obj
skia.lib(gpu.GrResourceAllocator.obj) : error LNK2038: mismatch detected for 'annotate_string': value '0' doesn't match value '1' in main-a7d674.obj
skia.lib(gpu.GrTextureResolveRenderTask.obj) : error LNK2038: mismatch detected for 'annotate_string': value '0' doesn't match value '1' in main-a7d674.obj
skia.lib(gpu.GrTransferFromRenderTask.obj) : error LNK2038: mismatch detected for 'annotate_string': value '0' doesn't match value '1' in main-a7d674.obj
skia.lib(gpu.GrWaitRenderTask.obj) : error LNK2038: mismatch detected for 'annotate_string': value '0' doesn't match value '1' in main-a7d674.obj
skia.lib(gpu.GrWritePixelsRenderTask.obj) : error LNK2038: mismatch detected for 'annotate_string': value '0' doesn't match value '1' in main-a7d674.obj
skia.lib(gpu.OpsTask.obj) : error LNK2038: mismatch detected for 'annotate_string': value '0' doesn't match value '1' in main-a7d674.obj
skia.lib(gpu.SoftwarePathRenderer.obj) : error LNK2038: mismatch detected for 'annotate_string': value '0' doesn't match value '1' in main-a7d674.obj
skia.lib(gpu.GrTexture.obj) : error LNK2038: mismatch detected for 'annotate_string': value '0' doesn't match value '1' in main-a7d674.obj
skia.lib(gpu.GrRingBuffer.obj) : error LNK2038: mismatch detected for 'annotate_string': value '0' doesn't match value '1' in main-a7d674.obj
skia.lib(gpu.GrStagingBufferManager.obj) : error LNK2038: mismatch detected for 'annotate_string': value '0' doesn't match value '1' in main-a7d674.obj
skia.lib(skia.SkSLCompiler.obj) : error LNK2038: mismatch detected for 'annotate_string': value '0' doesn't match value '1' in main-a7d674.obj
skia.lib(gpu.GrAttachment.obj) : error LNK2038: mismatch detected for 'annotate_string': value '0' doesn't match value '1' in main-a7d674.obj
skia.lib(gpu.GrRenderTarget.obj) : error LNK2038: mismatch detected for 'annotate_string': value '0' doesn't match value '1' in main-a7d674.obj
skia.lib(gpu_shared.Swizzle.obj) : error LNK2038: mismatch detected for 'annotate_string': value '0' doesn't match value '1' in main-a7d674.obj
skia.lib(gpu.GrBicubicEffect.obj) : error LNK2038: mismatch detected for 'annotate_string': value '0' doesn't match value '1' in main-a7d674.obj
skia.lib(gpu.GrTextureEffect.obj) : error LNK2038: mismatch detected for 'annotate_string': value '0' doesn't match value '1' in main-a7d674.obj
skia.lib(gpu.GrSurface.obj) : error LNK2038: mismatch detected for 'annotate_string': value '0' doesn't match value '1' in main-a7d674.obj
skia.lib(gpu.GrMockCaps.obj) : error LNK2038: mismatch detected for 'annotate_string': value '0' doesn't match value '1' in main-a7d674.obj
skia.lib(gpu.GrTextureRenderTargetProxy.obj) : error LNK2038: mismatch detected for 'annotate_string': value '0' doesn't match value '1' in main-a7d674.obj
skia.lib(gpu.GrDrawOpAtlas.obj) : error LNK2038: mismatch detected for 'annotate_string': value '0' doesn't match value '1' in main-a7d674.obj
skia.lib(gpu_shared.GlyphVector.obj) : error LNK2038: mismatch detected for 'annotate_string': value '0' doesn't match value '1' in main-a7d674.obj
skia.lib(skia.SkImageGenerator.obj) : error LNK2038: mismatch detected for 'annotate_string': value '0' doesn't match value '1' in main-a7d674.obj
skia.lib(gpu_shared.SDFMaskFilter.obj) : error LNK2038: mismatch detected for 'annotate_string': value '0' doesn't match value '1' in main-a7d674.obj
skia.lib(gpu.SmallPathShapeData.obj) : error LNK2038: mismatch detected for 'annotate_string': value '0' doesn't match value '1' in main-a7d674.obj
skia.lib(gpu.GrFinishCallbacks.obj) : error LNK2038: mismatch detected for 'annotate_string': value '0' doesn't match value '1' in main-a7d674.obj
skia.lib(gpu.GrShaderVar.obj) : error LNK2038: mismatch detected for 'annotate_string': value '0' doesn't match value '1' in main-a7d674.obj
skia.lib(gpu.GrPorterDuffXferProcessor.obj) : error LNK2038: mismatch detected for 'annotate_string': value '0' doesn't match value '1' in main-a7d674.obj
skia.lib(gpu.GrGLAttachment.obj) : error LNK2038: mismatch detected for 'annotate_string': value '0' doesn't match value '1' in main-a7d674.obj
skia.lib(gpu.GrStencilSettings.obj) : error LNK2038: mismatch detected for 'annotate_string': value '0' doesn't match value '1' in main-a7d674.obj
skia.lib(gpu.GrGLCaps.obj) : error LNK2038: mismatch detected for 'annotate_string': value '0' doesn't match value '1' in main-a7d674.obj
skia.lib(gpu.GrGLContext.obj) : error LNK2038: mismatch detected for 'annotate_string': value '0' doesn't match value '1' in main-a7d674.obj
skia.lib(gpu.GrGLProgram.obj) : error LNK2038: mismatch detected for 'annotate_string': value '0' doesn't match value '1' in main-a7d674.obj
skia.lib(gpu.GrGLRenderTarget.obj) : error LNK2038: mismatch detected for 'annotate_string': value '0' doesn't match value '1' in main-a7d674.obj
skia.lib(gpu.GrGLTexture.obj) : error LNK2038: mismatch detected for 'annotate_string': value '0' doesn't match value '1' in main-a7d674.obj
skia.lib(gpu.GrGLVertexArray.obj) : error LNK2038: mismatch detected for 'annotate_string': value '0' doesn't match value '1' in main-a7d674.obj
skia.lib(gpu.GrGLGpuProgramCache.obj) : error LNK2038: mismatch detected for 'annotate_string': value '0' doesn't match value '1' in main-a7d674.obj
skia.lib(gpu.GrGLBuffer.obj) : error LNK2038: mismatch detected for 'annotate_string': value '0' doesn't match value '1' in main-a7d674.obj
skia.lib(gpu.GrGLOpsRenderPass.obj) : error LNK2038: mismatch detected for 'annotate_string': value '0' doesn't match value '1' in main-a7d674.obj
skia.lib(gpu.GrGLSemaphore.obj) : error LNK2038: mismatch detected for 'annotate_string': value '0' doesn't match value '1' in main-a7d674.obj
skia.lib(gpu.GrGLTextureRenderTarget.obj) : error LNK2038: mismatch detected for 'annotate_string': value '0' doesn't match value '1' in main-a7d674.obj
skia.lib(gpu.GrGLShaderStringBuilder.obj) : error LNK2038: mismatch detected for 'annotate_string': value '0' doesn't match value '1' in main-a7d674.obj
skia.lib(skia.SkShadowUtils.obj) : error LNK2038: mismatch detected for 'annotate_string': value '0' doesn't match value '1' in main-a7d674.obj
skia.lib(skia.SkPatchUtils.obj) : error LNK2038: mismatch detected for 'annotate_string': value '0' doesn't match value '1' in main-a7d674.obj
skia.lib(gpu.ClipStack.obj) : error LNK2038: mismatch detected for 'annotate_string': value '0' doesn't match value '1' in main-a7d674.obj
skia.lib(skia.SkXfermode.obj) : error LNK2038: mismatch detected for 'annotate_string': value '0' doesn't match value '1' in main-a7d674.obj
skia.lib(gpu.SkGr.obj) : error LNK2038: mismatch detected for 'annotate_string': value '0' doesn't match value '1' in main-a7d674.obj
skia.lib(gpu.Device_drawTexture.obj) : error LNK2038: mismatch detected for 'annotate_string': value '0' doesn't match value '1' in main-a7d674.obj
skia.lib(skia.SkDraw.obj) : error LNK2038: mismatch detected for 'annotate_string': value '0' doesn't match value '1' in main-a7d674.obj
skia.lib(skia.SkMaskFilter.obj) : error LNK2038: mismatch detected for 'annotate_string': value '0' doesn't match value '1' in main-a7d674.obj
skia.lib(gpu.GrBlurUtils.obj) : error LNK2038: mismatch detected for 'annotate_string': value '0' doesn't match value '1' in main-a7d674.obj
skia.lib(gpu.GrQuad.obj) : error LNK2038: mismatch detected for 'annotate_string': value '0' doesn't match value '1' in main-a7d674.obj
skia.lib(gpu.GrDisableColorXP.obj) : error LNK2038: mismatch detected for 'annotate_string': value '0' doesn't match value '1' in main-a7d674.obj
skia.lib(gpu.GrRRectEffect.obj) : error LNK2038: mismatch detected for 'annotate_string': value '0' doesn't match value '1' in main-a7d674.obj
skia.lib(skia.SkImage_Lazy.obj) : error LNK2038: mismatch detected for 'annotate_string': value '0' doesn't match value '1' in main-a7d674.obj
skia.lib(gpu.SkImage_GpuBase.obj) : error LNK2038: mismatch detected for 'annotate_string': value '0' doesn't match value '1' in main-a7d674.obj
skia.lib(gpu.GrBackendTextureImageGenerator.obj) : error LNK2038: mismatch detected for 'annotate_string': value '0' doesn't match value '1' in main-a7d674.obj
skia.lib(skia.SkBitmapCache.obj) : error LNK2038: mismatch detected for 'annotate_string': value '0' doesn't match value '1' in main-a7d674.obj
skia.lib(skia.SkPictureImageGenerator.obj) : error LNK2038: mismatch detected for 'annotate_string': value '0' doesn't match value '1' in main-a7d674.obj
skia.lib(gpu_shared.ResourceKey.obj) : error LNK2038: mismatch detected for 'annotate_string': value '0' doesn't match value '1' in main-a7d674.obj
skia.lib(gpu.GrBlendFragmentProcessor.obj) : error LNK2038: mismatch detected for 'annotate_string': value '0' doesn't match value '1' in main-a7d674.obj
skia.lib(skia.SkBlendMode.obj) : error LNK2038: mismatch detected for 'annotate_string': value '0' doesn't match value '1' in main-a7d674.obj
skia.lib(gpu.GrMatrixEffect.obj) : error LNK2038: mismatch detected for 'annotate_string': value '0' doesn't match value '1' in main-a7d674.obj
skia.lib(skia.SkGlyphRunPainter.obj) : error LNK2038: mismatch detected for 'annotate_string': value '0' doesn't match value '1' in main-a7d674.obj
skia.lib(skia.SkDraw_text.obj) : error LNK2038: mismatch detected for 'annotate_string': value '0' doesn't match value '1' in main-a7d674.obj
skia.lib(skia.SkDraw_vertices.obj) : error LNK2038: mismatch detected for 'annotate_string': value '0' doesn't match value '1' in main-a7d674.obj
skia.lib(skia.SkDraw_atlas.obj) : error LNK2038: mismatch detected for 'annotate_string': value '0' doesn't match value '1' in main-a7d674.obj
skia.lib(skia.SkSLAnalysis.obj) : error LNK2038: mismatch detected for 'annotate_string': value '0' doesn't match value '1' in main-a7d674.obj
skia.lib(skia.SkSLSharedCompiler.obj) : error LNK2038: mismatch detected for 'annotate_string': value '0' doesn't match value '1' in main-a7d674.obj
skia.lib(skia.SkGlyphBuffer.obj) : error LNK2038: mismatch detected for 'annotate_string': value '0' doesn't match value '1' in main-a7d674.obj
skia.lib(gpu.GrGaussianConvolutionFragmentProcessor.obj) : error LNK2038: mismatch detected for 'annotate_string': value '0' doesn't match value '1' in main-a7d674.obj
skia.lib(gpu.GrMatrixConvolutionEffect.obj) : error LNK2038: mismatch detected for 'annotate_string': value '0' doesn't match value '1' in main-a7d674.obj
skia.lib(gpu.GrPaint.obj) : error LNK2038: mismatch detected for 'annotate_string': value '0' doesn't match value '1' in main-a7d674.obj
skia.lib(gpu.GrQuadUtils.obj) : error LNK2038: mismatch detected for 'annotate_string': value '0' doesn't match value '1' in main-a7d674.obj
skia.lib(gpu.ClearOp.obj) : error LNK2038: mismatch detected for 'annotate_string': value '0' doesn't match value '1' in main-a7d674.obj
skia.lib(gpu.DrawAtlasOp.obj) : error LNK2038: mismatch detected for 'annotate_string': value '0' doesn't match value '1' in main-a7d674.obj
skia.lib(gpu.DrawMeshOp.obj) : error LNK2038: mismatch detected for 'annotate_string': value '0' doesn't match value '1' in main-a7d674.obj
skia.lib(gpu.DrawableOp.obj) : error LNK2038: mismatch detected for 'annotate_string': value '0' doesn't match value '1' in main-a7d674.obj
skia.lib(gpu.FillRRectOp.obj) : error LNK2038: mismatch detected for 'annotate_string': value '0' doesn't match value '1' in main-a7d674.obj
skia.lib(gpu.FillRectOp.obj) : error LNK2038: mismatch detected for 'annotate_string': value '0' doesn't match value '1' in main-a7d674.obj
skia.lib(gpu.GrOvalOpFactory.obj) : error LNK2038: mismatch detected for 'annotate_string': value '0' doesn't match value '1' in main-a7d674.obj
skia.lib(gpu.LatticeOp.obj) : error LNK2038: mismatch detected for 'annotate_string': value '0' doesn't match value '1' in main-a7d674.obj
skia.lib(gpu.RegionOp.obj) : error LNK2038: mismatch detected for 'annotate_string': value '0' doesn't match value '1' in main-a7d674.obj
skia.lib(gpu.ShadowRRectOp.obj) : error LNK2038: mismatch detected for 'annotate_string': value '0' doesn't match value '1' in main-a7d674.obj
skia.lib(gpu.StrokeRectOp.obj) : error LNK2038: mismatch detected for 'annotate_string': value '0' doesn't match value '1' in main-a7d674.obj
skia.lib(gpu.TextureOp.obj) : error LNK2038: mismatch detected for 'annotate_string': value '0' doesn't match value '1' in main-a7d674.obj
skia.lib(skia.SkSLProgramUsage.obj) : error LNK2038: mismatch detected for 'annotate_string': value '0' doesn't match value '1' in main-a7d674.obj
skia.lib(skia.SkSLVMCodeGenerator.obj) : error LNK2038: mismatch detected for 'annotate_string': value '0' doesn't match value '1' in main-a7d674.obj
skia.lib(skia.SkVMDebugTrace.obj) : error LNK2038: mismatch detected for 'annotate_string': value '0' doesn't match value '1' in main-a7d674.obj
skia.lib(skia.SkShaderCodeDictionary.obj) : error LNK2038: mismatch detected for 'annotate_string': value '0' doesn't match value '1' in main-a7d674.obj
skia.lib(gpu.GrGLSLUniformHandler.obj) : error LNK2038: mismatch detected for 'annotate_string': value '0' doesn't match value '1' in main-a7d674.obj
skia.lib(gpu.GrProcessorAnalysis.obj) : error LNK2038: mismatch detected for 'annotate_string': value '0' doesn't match value '1' in main-a7d674.obj
skia.lib(gpu.GrGLSLProgramBuilder.obj) : error LNK2038: mismatch detected for 'annotate_string': value '0' doesn't match value '1' in main-a7d674.obj
skia.lib(skia.SkSLString.obj) : error LNK2038: mismatch detected for 'annotate_string': value '0' doesn't match value '1' in main-a7d674.obj
skia.lib(gpu.GrGLSLProgramDataManager.obj) : error LNK2038: mismatch detected for 'annotate_string': value '0' doesn't match value '1' in main-a7d674.obj
skia.lib(gpu.GrGLSLShaderBuilder.obj) : error LNK2038: mismatch detected for 'annotate_string': value '0' doesn't match value '1' in main-a7d674.obj
skia.lib(skia.SkSLUtil.obj) : error LNK2038: mismatch detected for 'annotate_string': value '0' doesn't match value '1' in main-a7d674.obj
skia.lib(gpu_shared.SkSLPipelineStageCodeGenerator.obj) : error LNK2038: mismatch detected for 'annotate_string': value '0' doesn't match value '1' in main-a7d674.obj
skia.lib(gpu.GrGradientShader.obj) : error LNK2038: mismatch detected for 'annotate_string': value '0' doesn't match value '1' in main-a7d674.obj
skia.lib(skia.SkEmptyShader.obj) : error LNK2038: mismatch detected for 'annotate_string': value '0' doesn't match value '1' in main-a7d674.obj
skia.lib(skia.Sk4fGradientBase.obj) : error LNK2038: mismatch detected for 'annotate_string': value '0' doesn't match value '1' in main-a7d674.obj
skia.lib(skia.Sk4fLinearGradient.obj) : error LNK2038: mismatch detected for 'annotate_string': value '0' doesn't match value '1' in main-a7d674.obj
skia.lib(fontmgr_win_factory.SkFontMgr_win_dw_factory.obj) : error LNK2038: mismatch detected for 'annotate_string': value '0' doesn't match value '1' in main-a7d674.obj
skia.lib(skia.SkDQuadLineIntersection.obj) : error LNK2038: mismatch detected for 'annotate_string': value '0' doesn't match value '1' in main-a7d674.obj
skia.lib(skia.SkPathOpsQuad.obj) : error LNK2038: mismatch detected for 'annotate_string': value '0' doesn't match value '1' in main-a7d674.obj
skia.lib(skia.SkComposeShader.obj) : error LNK2038: mismatch detected for 'annotate_string': value '0' doesn't match value '1' in main-a7d674.obj
skia.lib(skia.SkMipmapAccessor.obj) : error LNK2038: mismatch detected for 'annotate_string': value '0' doesn't match value '1' in main-a7d674.obj
skia.lib(skia.SkRecords.obj) : error LNK2038: mismatch detected for 'annotate_string': value '0' doesn't match value '1' in main-a7d674.obj
skia.lib(skia.SkPictureFlat.obj) : error LNK2038: mismatch detected for 'annotate_string': value '0' doesn't match value '1' in main-a7d674.obj
skia.lib(gpu_shared.Slug.obj) : error LNK2038: mismatch detected for 'annotate_string': value '0' doesn't match value '1' in main-a7d674.obj
skia.lib(skia.SkPathOpsTypes.obj) : error LNK2038: mismatch detected for 'annotate_string': value '0' doesn't match value '1' in main-a7d674.obj
skia.lib(skia.SkOpCubicHull.obj) : error LNK2038: mismatch detected for 'annotate_string': value '0' doesn't match value '1' in main-a7d674.obj
skia.lib(skia.SkPathOpsConic.obj) : error LNK2038: mismatch detected for 'annotate_string': value '0' doesn't match value '1' in main-a7d674.obj
skia.lib(skia.SkPathOpsRect.obj) : error LNK2038: mismatch detected for 'annotate_string': value '0' doesn't match value '1' in main-a7d674.obj
skia.lib(skia.SkPathOpsLine.obj) : error LNK2038: mismatch detected for 'annotate_string': value '0' doesn't match value '1' in main-a7d674.obj
skia.lib(skia.SkIntersections.obj) : error LNK2038: mismatch detected for 'annotate_string': value '0' doesn't match value '1' in main-a7d674.obj
skia.lib(skia.SkPathOpsCurve.obj) : error LNK2038: mismatch detected for 'annotate_string': value '0' doesn't match value '1' in main-a7d674.obj
skia.lib(skia.SkChromeRemoteGlyphCache.obj) : error LNK2038: mismatch detected for 'annotate_string': value '0' doesn't match value '1' in main-a7d674.obj
skia.lib(skia.SkShaderUtils.obj) : error LNK2038: mismatch detected for 'annotate_string': value '0' doesn't match value '1' in main-a7d674.obj
skia.lib(gpu.GrDistanceFieldGeoProc.obj) : error LNK2038: mismatch detected for 'annotate_string': value '0' doesn't match value '1' in main-a7d674.obj
skia.lib(gpu.GrProcessorSet.obj) : error LNK2038: mismatch detected for 'annotate_string': value '0' doesn't match value '1' in main-a7d674.obj
skia.lib(gpu.GrMeshDrawOp.obj) : error LNK2038: mismatch detected for 'annotate_string': value '0' doesn't match value '1' in main-a7d674.obj
skia.lib(gpu.GrBitmapTextGeoProc.obj) : error LNK2038: mismatch detected for 'annotate_string': value '0' doesn't match value '1' in main-a7d674.obj
skia.lib(gpu.GrSimpleMeshDrawOpHelper.obj) : error LNK2038: mismatch detected for 'annotate_string': value '0' doesn't match value '1' in main-a7d674.obj
skia.lib(gpu_shared.DistanceFieldAdjustTable.obj) : error LNK2038: mismatch detected for 'annotate_string': value '0' doesn't match value '1' in main-a7d674.obj
skia.lib(gpu.GrOp.obj) : error LNK2038: mismatch detected for 'annotate_string': value '0' doesn't match value '1' in main-a7d674.obj
skia.lib(gpu_shared.SubRunContainer.obj) : error LNK2038: mismatch detected for 'annotate_string': value '0' doesn't match value '1' in main-a7d674.obj
skia.lib(gpu.AAConvexPathRenderer.obj) : error LNK2038: mismatch detected for 'annotate_string': value '0' doesn't match value '1' in main-a7d674.obj
skia.lib(gpu.AAHairLinePathRenderer.obj) : error LNK2038: mismatch detected for 'annotate_string': value '0' doesn't match value '1' in main-a7d674.obj
skia.lib(gpu.AALinearizingConvexPathRenderer.obj) : error LNK2038: mismatch detected for 'annotate_string': value '0' doesn't match value '1' in main-a7d674.obj
skia.lib(gpu.AtlasPathRenderer.obj) : error LNK2038: mismatch detected for 'annotate_string': value '0' doesn't match value '1' in main-a7d674.obj
skia.lib(gpu.DashLinePathRenderer.obj) : error LNK2038: mismatch detected for 'annotate_string': value '0' doesn't match value '1' in main-a7d674.obj
skia.lib(gpu.DefaultPathRenderer.obj) : error LNK2038: mismatch detected for 'annotate_string': value '0' doesn't match value '1' in main-a7d674.obj
skia.lib(gpu.SmallPathRenderer.obj) : error LNK2038: mismatch detected for 'annotate_string': value '0' doesn't match value '1' in main-a7d674.obj
skia.lib(gpu.TessellationPathRenderer.obj) : error LNK2038: mismatch detected for 'annotate_string': value '0' doesn't match value '1' in main-a7d674.obj
skia.lib(gpu.TriangulatingPathRenderer.obj) : error LNK2038: mismatch detected for 'annotate_string': value '0' doesn't match value '1' in main-a7d674.obj
skia.lib(gpu.GrOpsRenderPass.obj) : error LNK2038: mismatch detected for 'annotate_string': value '0' doesn't match value '1' in main-a7d674.obj
skia.lib(gpu.GrSWMaskHelper.obj) : error LNK2038: mismatch detected for 'annotate_string': value '0' doesn't match value '1' in main-a7d674.obj
skia.lib(gpu.GrUtil.obj) : error LNK2038: mismatch detected for 'annotate_string': value '0' doesn't match value '1' in main-a7d674.obj
skia.lib(skia.SkSLPosition.obj) : error LNK2038: mismatch detected for 'annotate_string': value '0' doesn't match value '1' in main-a7d674.obj
skia.lib(skia.SkSLErrorReporter.obj) : error LNK2038: mismatch detected for 'annotate_string': value '0' doesn't match value '1' in main-a7d674.obj
skia.lib(skia.SkSLType.obj) : error LNK2038: mismatch detected for 'annotate_string': value '0' doesn't match value '1' in main-a7d674.obj
skia.lib(skia.SkSLContext.obj) : error LNK2038: mismatch detected for 'annotate_string': value '0' doesn't match value '1' in main-a7d674.obj
skia.lib(skia.SkSLInliner.obj) : error LNK2038: mismatch detected for 'annotate_string': value '0' doesn't match value '1' in main-a7d674.obj
skia.lib(skia.DSLType.obj) : error LNK2038: mismatch detected for 'annotate_string': value '0' doesn't match value '1' in main-a7d674.obj
skia.lib(skia.DSLCore.obj) : error LNK2038: mismatch detected for 'annotate_string': value '0' doesn't match value '1' in main-a7d674.obj
skia.lib(skia.SkSLCheckProgramStructure.obj) : error LNK2038: mismatch detected for 'annotate_string': value '0' doesn't match value '1' in main-a7d674.obj
skia.lib(skia.SkSLFinalizationChecks.obj) : error LNK2038: mismatch detected for 'annotate_string': value '0' doesn't match value '1' in main-a7d674.obj
skia.lib(skia.SkSLBuiltinMap.obj) : error LNK2038: mismatch detected for 'annotate_string': value '0' doesn't match value '1' in main-a7d674.obj
skia.lib(skia.SkSLDSLParser.obj) : error LNK2038: mismatch detected for 'annotate_string': value '0' doesn't match value '1' in main-a7d674.obj
skia.lib(skia.SkSLOutputStream.obj) : error LNK2038: mismatch detected for 'annotate_string': value '0' doesn't match value '1' in main-a7d674.obj
skia.lib(skia.SkSLSymbolTable.obj) : error LNK2038: mismatch detected for 'annotate_string': value '0' doesn't match value '1' in main-a7d674.obj
skia.lib(skia.SkSLRehydrator.obj) : error LNK2038: mismatch detected for 'annotate_string': value '0' doesn't match value '1' in main-a7d674.obj
skia.lib(skia.SkSLVariable.obj) : error LNK2038: mismatch detected for 'annotate_string': value '0' doesn't match value '1' in main-a7d674.obj
skia.lib(skia.SkSLFieldAccess.obj) : error LNK2038: mismatch detected for 'annotate_string': value '0' doesn't match value '1' in main-a7d674.obj
skia.lib(skia.SkSLFunctionDeclaration.obj) : error LNK2038: mismatch detected for 'annotate_string': value '0' doesn't match value '1' in main-a7d674.obj
skia.lib(skia.SkSLTypeReference.obj) : error LNK2038: mismatch detected for 'annotate_string': value '0' doesn't match value '1' in main-a7d674.obj
skia.lib(skia.SkSLVariableReference.obj) : error LNK2038: mismatch detected for 'annotate_string': value '0' doesn't match value '1' in main-a7d674.obj
skia.lib(skia.SkSLFindAndDeclareBuiltinFunctions.obj) : error LNK2038: mismatch detected for 'annotate_string': value '0' doesn't match value '1' in main-a7d674.obj
skia.lib(skia.SkSLFindAndDeclareBuiltinVariables.obj) : error LNK2038: mismatch detected for 'annotate_string': value '0' doesn't match value '1' in main-a7d674.obj
skia.lib(skia.SkSLEliminateUnreachableCode.obj) : error LNK2038: mismatch detected for 'annotate_string': value '0' doesn't match value '1' in main-a7d674.obj
skia.lib(skia.SkSLEliminateEmptyStatements.obj) : error LNK2038: mismatch detected for 'annotate_string': value '0' doesn't match value '1' in main-a7d674.obj
skia.lib(skia.SkSLEliminateDeadFunctions.obj) : error LNK2038: mismatch detected for 'annotate_string': value '0' doesn't match value '1' in main-a7d674.obj
skia.lib(skia.SkSLEliminateDeadLocalVariables.obj) : error LNK2038: mismatch detected for 'annotate_string': value '0' doesn't match value '1' in main-a7d674.obj
skia.lib(skia.SkSLEliminateDeadGlobalVariables.obj) : error LNK2038: mismatch detected for 'annotate_string': value '0' doesn't match value '1' in main-a7d674.obj
skia.lib(gpu_shared.SkSLGLSLCodeGenerator.obj) : error LNK2038: mismatch detected for 'annotate_string': value '0' doesn't match value '1' in main-a7d674.obj
skia.lib(gpu_shared.SkSLMetalCodeGenerator.obj) : error LNK2038: mismatch detected for 'annotate_string': value '0' doesn't match value '1' in main-a7d674.obj
skia.lib(gpu_shared.SkSLSPIRVCodeGenerator.obj) : error LNK2038: mismatch detected for 'annotate_string': value '0' doesn't match value '1' in main-a7d674.obj
skia.lib(gpu_shared.SkSLSPIRVtoHLSL.obj) : error LNK2038: mismatch detected for 'annotate_string': value '0' doesn't match value '1' in main-a7d674.obj
skia.lib(gpu_shared.SkSLWGSLCodeGenerator.obj) : error LNK2038: mismatch detected for 'annotate_string': value '0' doesn't match value '1' in main-a7d674.obj
skia.lib(gpu.GrProgramDesc.obj) : error LNK2038: mismatch detected for 'annotate_string': value '0' doesn't match value '1' in main-a7d674.obj
skia.lib(skia.SkYUVAPixmaps.obj) : error LNK2038: mismatch detected for 'annotate_string': value '0' doesn't match value '1' in main-a7d674.obj
skia.lib(skia.SkImageGenerator_skia.obj) : error LNK2038: mismatch detected for 'annotate_string': value '0' doesn't match value '1' in main-a7d674.obj
skia.lib(gpu.GrXferProcessor.obj) : error LNK2038: mismatch detected for 'annotate_string': value '0' doesn't match value '1' in main-a7d674.obj
skia.lib(gpu.GrGLSLBlend.obj) : error LNK2038: mismatch detected for 'annotate_string': value '0' doesn't match value '1' in main-a7d674.obj
skia.lib(gpu.GrGLGLSL.obj) : error LNK2038: mismatch detected for 'annotate_string': value '0' doesn't match value '1' in main-a7d674.obj
skia.lib(gpu.GrGeometryProcessor.obj) : error LNK2038: mismatch detected for 'annotate_string': value '0' doesn't match value '1' in main-a7d674.obj
skia.lib(gpu.GrGLProgramDataManager.obj) : error LNK2038: mismatch detected for 'annotate_string': value '0' doesn't match value '1' in main-a7d674.obj
skia.lib(gpu.GrPipeline.obj) : error LNK2038: mismatch detected for 'annotate_string': value '0' doesn't match value '1' in main-a7d674.obj
skia.lib(gpu.GrGLProgramBuilder.obj) : error LNK2038: mismatch detected for 'annotate_string': value '0' doesn't match value '1' in main-a7d674.obj
skia.lib(skia.SkBlitter.obj) : error LNK2038: mismatch detected for 'annotate_string': value '0' doesn't match value '1' in main-a7d674.obj
skia.lib(skia.SkBlurMF.obj) : error LNK2038: mismatch detected for 'annotate_string': value '0' doesn't match value '1' in main-a7d674.obj
skia.lib(skia.SkGaussianColorFilter.obj) : error LNK2038: mismatch detected for 'annotate_string': value '0' doesn't match value '1' in main-a7d674.obj
skia.lib(gpu.StencilMaskHelper.obj) : error LNK2038: mismatch detected for 'annotate_string': value '0' doesn't match value '1' in main-a7d674.obj
skia.lib(gpu.GrConvexPolyEffect.obj) : error LNK2038: mismatch detected for 'annotate_string': value '0' doesn't match value '1' in main-a7d674.obj
skia.lib(gpu.GrCustomXfermode.obj) : error LNK2038: mismatch detected for 'annotate_string': value '0' doesn't match value '1' in main-a7d674.obj
skia.lib(skia.SkBlitter_Sprite.obj) : error LNK2038: mismatch detected for 'annotate_string': value '0' doesn't match value '1' in main-a7d674.obj
skia.lib(gpu.GrFixedClip.obj) : error LNK2038: mismatch detected for 'annotate_string': value '0' doesn't match value '1' in main-a7d674.obj
skia.lib(gpu.GrOvalEffect.obj) : error LNK2038: mismatch detected for 'annotate_string': value '0' doesn't match value '1' in main-a7d674.obj
skia.lib(skia.SkYUVPlanesCache.obj) : error LNK2038: mismatch detected for 'annotate_string': value '0' doesn't match value '1' in main-a7d674.obj
skia.lib(gpu.GrYUVATextureProxies.obj) : error LNK2038: mismatch detected for 'annotate_string': value '0' doesn't match value '1' in main-a7d674.obj
skia.lib(gpu.GrYUVtoRGBEffect.obj) : error LNK2038: mismatch detected for 'annotate_string': value '0' doesn't match value '1' in main-a7d674.obj
skia.lib(skia.SkPromiseImageTexture.obj) : error LNK2038: mismatch detected for 'annotate_string': value '0' doesn't match value '1' in main-a7d674.obj
skia.lib(skia.SkRasterPipelineBlitter.obj) : error LNK2038: mismatch detected for 'annotate_string': value '0' doesn't match value '1' in main-a7d674.obj
skia.lib(skia.SkVMBlitter.obj) : error LNK2038: mismatch detected for 'annotate_string': value '0' doesn't match value '1' in main-a7d674.obj
skia.lib(skia.SkSLSampleUsage.obj) : error LNK2038: mismatch detected for 'annotate_string': value '0' doesn't match value '1' in main-a7d674.obj
skia.lib(skia.SkSLIsConstantExpression.obj) : error LNK2038: mismatch detected for 'annotate_string': value '0' doesn't match value '1' in main-a7d674.obj
skia.lib(skia.SkSLConstructor.obj) : error LNK2038: mismatch detected for 'annotate_string': value '0' doesn't match value '1' in main-a7d674.obj
skia.lib(skia.SkSLConstantFolder.obj) : error LNK2038: mismatch detected for 'annotate_string': value '0' doesn't match value '1' in main-a7d674.obj
skia.lib(skia.SkGlobalInitialization_default.obj) : error LNK2038: mismatch detected for 'annotate_string': value '0' doesn't match value '1' in main-a7d674.obj
skia.lib(gpu.GrCoverageSetOpXP.obj) : error LNK2038: mismatch detected for 'annotate_string': value '0' doesn't match value '1' in main-a7d674.obj
skia.lib(gpu.GrDefaultGeoProcFactory.obj) : error LNK2038: mismatch detected for 'annotate_string': value '0' doesn't match value '1' in main-a7d674.obj
skia.lib(gpu.GrGLSLVarying.obj) : error LNK2038: mismatch detected for 'annotate_string': value '0' doesn't match value '1' in main-a7d674.obj
skia.lib(gpu.GrMeshDrawTarget.obj) : error LNK2038: mismatch detected for 'annotate_string': value '0' doesn't match value '1' in main-a7d674.obj
skia.lib(gpu.GrSimpleMeshDrawOpHelperWithStencil.obj) : error LNK2038: mismatch detected for 'annotate_string': value '0' doesn't match value '1' in main-a7d674.obj
skia.lib(gpu.QuadPerEdgeAA.obj) : error LNK2038: mismatch detected for 'annotate_string': value '0' doesn't match value '1' in main-a7d674.obj
skia.lib(gpu.GrShadowGeoProc.obj) : error LNK2038: mismatch detected for 'annotate_string': value '0' doesn't match value '1' in main-a7d674.obj
skia.lib(skia.SkSLOperator.obj) : error LNK2038: mismatch detected for 'annotate_string': value '0' doesn't match value '1' in main-a7d674.obj
skia.lib(gpu.GrGLSLFragmentShaderBuilder.obj) : error LNK2038: mismatch detected for 'annotate_string': value '0' doesn't match value '1' in main-a7d674.obj
skia.lib(gpu.GrGLSLVertexGeoBuilder.obj) : error LNK2038: mismatch detected for 'annotate_string': value '0' doesn't match value '1' in main-a7d674.obj
skia.lib(fontmgr_win.SkFontMgr_win_dw.obj) : error LNK2038: mismatch detected for 'annotate_string': value '0' doesn't match value '1' in main-a7d674.obj
skia.lib(skia.SkDLineIntersection.obj) : error LNK2038: mismatch detected for 'annotate_string': value '0' doesn't match value '1' in main-a7d674.obj
skia.lib(skia.SkDConicLineIntersection.obj) : error LNK2038: mismatch detected for 'annotate_string': value '0' doesn't match value '1' in main-a7d674.obj
skia.lib(skia.SkTypeface_remote.obj) : error LNK2038: mismatch detected for 'annotate_string': value '0' doesn't match value '1' in main-a7d674.obj
skia.lib(gpu.GrPathUtils.obj) : error LNK2038: mismatch detected for 'annotate_string': value '0' doesn't match value '1' in main-a7d674.obj
skia.lib(gpu.GrBezierEffect.obj) : error LNK2038: mismatch detected for 'annotate_string': value '0' doesn't match value '1' in main-a7d674.obj
skia.lib(gpu.GrAAConvexTessellator.obj) : error LNK2038: mismatch detected for 'annotate_string': value '0' doesn't match value '1' in main-a7d674.obj
skia.lib(gpu.GrDynamicAtlas.obj) : error LNK2038: mismatch detected for 'annotate_string': value '0' doesn't match value '1' in main-a7d674.obj
skia.lib(gpu.GrModulateAtlasCoverageEffect.obj) : error LNK2038: mismatch detected for 'annotate_string': value '0' doesn't match value '1' in main-a7d674.obj
skia.lib(gpu.AtlasRenderTask.obj) : error LNK2038: mismatch detected for 'annotate_string': value '0' doesn't match value '1' in main-a7d674.obj
skia.lib(gpu.DrawAtlasPathOp.obj) : error LNK2038: mismatch detected for 'annotate_string': value '0' doesn't match value '1' in main-a7d674.obj
skia.lib(gpu.DashOp.obj) : error LNK2038: mismatch detected for 'annotate_string': value '0' doesn't match value '1' in main-a7d674.obj
skia.lib(gpu.PathInnerTriangulateOp.obj) : error LNK2038: mismatch detected for 'annotate_string': value '0' doesn't match value '1' in main-a7d674.obj
skia.lib(gpu_shared.Tessellation.obj) : error LNK2038: mismatch detected for 'annotate_string': value '0' doesn't match value '1' in main-a7d674.obj
skia.lib(gpu.PathStencilCoverOp.obj) : error LNK2038: mismatch detected for 'annotate_string': value '0' doesn't match value '1' in main-a7d674.obj
skia.lib(gpu.PathTessellateOp.obj) : error LNK2038: mismatch detected for 'annotate_string': value '0' doesn't match value '1' in main-a7d674.obj
skia.lib(gpu.StrokeTessellateOp.obj) : error LNK2038: mismatch detected for 'annotate_string': value '0' doesn't match value '1' in main-a7d674.obj
skia.lib(gpu.GrEagerVertexAllocator.obj) : error LNK2038: mismatch detected for 'annotate_string': value '0' doesn't match value '1' in main-a7d674.obj
skia.lib(gpu.GrTriangulator.obj) : error LNK2038: mismatch detected for 'annotate_string': value '0' doesn't match value '1' in main-a7d674.obj
skia.lib(gpu.GrAATriangulator.obj) : error LNK2038: mismatch detected for 'annotate_string': value '0' doesn't match value '1' in main-a7d674.obj
skia.lib(skia.SkSLExpression.obj) : error LNK2038: mismatch detected for 'annotate_string': value '0' doesn't match value '1' in main-a7d674.obj
skia.lib(skia.SkSLConstructorArrayCast.obj) : error LNK2038: mismatch detected for 'annotate_string': value '0' doesn't match value '1' in main-a7d674.obj
skia.lib(skia.SkSLConstructorCompoundCast.obj) : error LNK2038: mismatch detected for 'annotate_string': value '0' doesn't match value '1' in main-a7d674.obj
skia.lib(skia.SkSLConstructorScalarCast.obj) : error LNK2038: mismatch detected for 'annotate_string': value '0' doesn't match value '1' in main-a7d674.obj
skia.lib(skia.SkSLBuiltinTypes.obj) : error LNK2038: mismatch detected for 'annotate_string': value '0' doesn't match value '1' in main-a7d674.obj
skia.lib(skia.SkSLBlock.obj) : error LNK2038: mismatch detected for 'annotate_string': value '0' doesn't match value '1' in main-a7d674.obj
skia.lib(skia.SkSLIsTrivialExpression.obj) : error LNK2038: mismatch detected for 'annotate_string': value '0' doesn't match value '1' in main-a7d674.obj
skia.lib(skia.SkSLMangler.obj) : error LNK2038: mismatch detected for 'annotate_string': value '0' doesn't match value '1' in main-a7d674.obj
skia.lib(skia.SkSLBinaryExpression.obj) : error LNK2038: mismatch detected for 'annotate_string': value '0' doesn't match value '1' in main-a7d674.obj
skia.lib(skia.SkSLChildCall.obj) : error LNK2038: mismatch detected for 'annotate_string': value '0' doesn't match value '1' in main-a7d674.obj
skia.lib(skia.SkSLConstructorArray.obj) : error LNK2038: mismatch detected for 'annotate_string': value '0' doesn't match value '1' in main-a7d674.obj
skia.lib(skia.SkSLConstructorCompound.obj) : error LNK2038: mismatch detected for 'annotate_string': value '0' doesn't match value '1' in main-a7d674.obj
skia.lib(skia.SkSLConstructorDiagonalMatrix.obj) : error LNK2038: mismatch detected for 'annotate_string': value '0' doesn't match value '1' in main-a7d674.obj
skia.lib(skia.SkSLConstructorMatrixResize.obj) : error LNK2038: mismatch detected for 'annotate_string': value '0' doesn't match value '1' in main-a7d674.obj
skia.lib(skia.SkSLConstructorSplat.obj) : error LNK2038: mismatch detected for 'annotate_string': value '0' doesn't match value '1' in main-a7d674.obj
skia.lib(skia.SkSLConstructorStruct.obj) : error LNK2038: mismatch detected for 'annotate_string': value '0' doesn't match value '1' in main-a7d674.obj
skia.lib(skia.SkSLDoStatement.obj) : error LNK2038: mismatch detected for 'annotate_string': value '0' doesn't match value '1' in main-a7d674.obj
skia.lib(skia.SkSLExpressionStatement.obj) : error LNK2038: mismatch detected for 'annotate_string': value '0' doesn't match value '1' in main-a7d674.obj
skia.lib(skia.SkSLForStatement.obj) : error LNK2038: mismatch detected for 'annotate_string': value '0' doesn't match value '1' in main-a7d674.obj
skia.lib(skia.SkSLFunctionCall.obj) : error LNK2038: mismatch detected for 'annotate_string': value '0' doesn't match value '1' in main-a7d674.obj
skia.lib(skia.SkSLIfStatement.obj) : error LNK2038: mismatch detected for 'annotate_string': value '0' doesn't match value '1' in main-a7d674.obj
skia.lib(skia.SkSLIndexExpression.obj) : error LNK2038: mismatch detected for 'annotate_string': value '0' doesn't match value '1' in main-a7d674.obj
skia.lib(skia.SkSLPostfixExpression.obj) : error LNK2038: mismatch detected for 'annotate_string': value '0' doesn't match value '1' in main-a7d674.obj
skia.lib(skia.SkSLPrefixExpression.obj) : error LNK2038: mismatch detected for 'annotate_string': value '0' doesn't match value '1' in main-a7d674.obj
skia.lib(skia.SkSLSwitchStatement.obj) : error LNK2038: mismatch detected for 'annotate_string': value '0' doesn't match value '1' in main-a7d674.obj
skia.lib(skia.SkSLSwizzle.obj) : error LNK2038: mismatch detected for 'annotate_string': value '0' doesn't match value '1' in main-a7d674.obj
skia.lib(skia.SkSLTernaryExpression.obj) : error LNK2038: mismatch detected for 'annotate_string': value '0' doesn't match value '1' in main-a7d674.obj
skia.lib(skia.SkSLVarDeclarations.obj) : error LNK2038: mismatch detected for 'annotate_string': value '0' doesn't match value '1' in main-a7d674.obj
skia.lib(skia.SkSLAddConstToVarModifiers.obj) : error LNK2038: mismatch detected for 'annotate_string': value '0' doesn't match value '1' in main-a7d674.obj
skia.lib(skia.DSLExpression.obj) : error LNK2038: mismatch detected for 'annotate_string': value '0' doesn't match value '1' in main-a7d674.obj
skia.lib(skia.SkSLThreadContext.obj) : error LNK2038: mismatch detected for 'annotate_string': value '0' doesn't match value '1' in main-a7d674.obj
skia.lib(skia.DSLStatement.obj) : error LNK2038: mismatch detected for 'annotate_string': value '0' doesn't match value '1' in main-a7d674.obj
skia.lib(skia.DSLCase.obj) : error LNK2038: mismatch detected for 'annotate_string': value '0' doesn't match value '1' in main-a7d674.obj
skia.lib(skia.DSLVar.obj) : error LNK2038: mismatch detected for 'annotate_string': value '0' doesn't match value '1' in main-a7d674.obj
skia.lib(skia.DSLSymbols.obj) : error LNK2038: mismatch detected for 'annotate_string': value '0' doesn't match value '1' in main-a7d674.obj
skia.lib(skia.DSLWriter.obj) : error LNK2038: mismatch detected for 'annotate_string': value '0' doesn't match value '1' in main-a7d674.obj
skia.lib(skia.SkSLLexer.obj) : error LNK2038: mismatch detected for 'annotate_string': value '0' doesn't match value '1' in main-a7d674.obj
skia.lib(skia.DSLLayout.obj) : error LNK2038: mismatch detected for 'annotate_string': value '0' doesn't match value '1' in main-a7d674.obj
skia.lib(skia.DSLBlock.obj) : error LNK2038: mismatch detected for 'annotate_string': value '0' doesn't match value '1' in main-a7d674.obj
skia.lib(skia.DSLFunction.obj) : error LNK2038: mismatch detected for 'annotate_string': value '0' doesn't match value '1' in main-a7d674.obj
skia.lib(skia.SkSLGetLoopUnrollInfo.obj) : error LNK2038: mismatch detected for 'annotate_string': value '0' doesn't match value '1' in main-a7d674.obj
skia.lib(skia.SkSLFunctionDefinition.obj) : error LNK2038: mismatch detected for 'annotate_string': value '0' doesn't match value '1' in main-a7d674.obj
skia.lib(skia.SkSLSetting.obj) : error LNK2038: mismatch detected for 'annotate_string': value '0' doesn't match value '1' in main-a7d674.obj
skia.lib(skia.SkSLModifiers.obj) : error LNK2038: mismatch detected for 'annotate_string': value '0' doesn't match value '1' in main-a7d674.obj
skia.lib(skia.SkSLGetComputeShaderMainParams.obj) : error LNK2038: mismatch detected for 'annotate_string': value '0' doesn't match value '1' in main-a7d674.obj
skia.lib(skia.SkCodecImageGenerator.obj) : error LNK2038: mismatch detected for 'annotate_string': value '0' doesn't match value '1' in main-a7d674.obj
skia.lib(gpu.GrGLUniformHandler.obj) : error LNK2038: mismatch detected for 'annotate_string': value '0' doesn't match value '1' in main-a7d674.obj
skia.lib(gpu.GrPersistentCacheUtils.obj) : error LNK2038: mismatch detected for 'annotate_string': value '0' doesn't match value '1' in main-a7d674.obj
skia.lib(skia.SkSLIsSameExpressionTree.obj) : error LNK2038: mismatch detected for 'annotate_string': value '0' doesn't match value '1' in main-a7d674.obj
skia.lib(skia.Sk1DPathEffect.obj) : error LNK2038: mismatch detected for 'annotate_string': value '0' doesn't match value '1' in main-a7d674.obj
skia.lib(skia.Sk2DPathEffect.obj) : error LNK2038: mismatch detected for 'annotate_string': value '0' doesn't match value '1' in main-a7d674.obj
skia.lib(skia.SkCornerPathEffect.obj) : error LNK2038: mismatch detected for 'annotate_string': value '0' doesn't match value '1' in main-a7d674.obj
skia.lib(skia.SkDiscretePathEffect.obj) : error LNK2038: mismatch detected for 'annotate_string': value '0' doesn't match value '1' in main-a7d674.obj
skia.lib(skia.SkPerlinNoiseShader.obj) : error LNK2038: mismatch detected for 'annotate_string': value '0' doesn't match value '1' in main-a7d674.obj
skia.lib(skia.SkShaderMaskFilter.obj) : error LNK2038: mismatch detected for 'annotate_string': value '0' doesn't match value '1' in main-a7d674.obj
skia.lib(skia.SkTableColorFilter.obj) : error LNK2038: mismatch detected for 'annotate_string': value '0' doesn't match value '1' in main-a7d674.obj
skia.lib(skia.SkAlphaThresholdImageFilter.obj) : error LNK2038: mismatch detected for 'annotate_string': value '0' doesn't match value '1' in main-a7d674.obj
skia.lib(skia.SkArithmeticImageFilter.obj) : error LNK2038: mismatch detected for 'annotate_string': value '0' doesn't match value '1' in main-a7d674.obj
skia.lib(skia.SkBlendImageFilter.obj) : error LNK2038: mismatch detected for 'annotate_string': value '0' doesn't match value '1' in main-a7d674.obj
skia.lib(skia.SkColorFilterImageFilter.obj) : error LNK2038: mismatch detected for 'annotate_string': value '0' doesn't match value '1' in main-a7d674.obj
skia.lib(skia.SkComposeImageFilter.obj) : error LNK2038: mismatch detected for 'annotate_string': value '0' doesn't match value '1' in main-a7d674.obj
skia.lib(skia.SkCropImageFilter.obj) : error LNK2038: mismatch detected for 'annotate_string': value '0' doesn't match value '1' in main-a7d674.obj
skia.lib(skia.SkDisplacementMapImageFilter.obj) : error LNK2038: mismatch detected for 'annotate_string': value '0' doesn't match value '1' in main-a7d674.obj
skia.lib(skia.SkDropShadowImageFilter.obj) : error LNK2038: mismatch detected for 'annotate_string': value '0' doesn't match value '1' in main-a7d674.obj
skia.lib(skia.SkImageImageFilter.obj) : error LNK2038: mismatch detected for 'annotate_string': value '0' doesn't match value '1' in main-a7d674.obj
skia.lib(skia.SkLightingImageFilter.obj) : error LNK2038: mismatch detected for 'annotate_string': value '0' doesn't match value '1' in main-a7d674.obj
skia.lib(skia.SkMagnifierImageFilter.obj) : error LNK2038: mismatch detected for 'annotate_string': value '0' doesn't match value '1' in main-a7d674.obj
skia.lib(skia.SkMatrixConvolutionImageFilter.obj) : error LNK2038: mismatch detected for 'annotate_string': value '0' doesn't match value '1' in main-a7d674.obj
skia.lib(skia.SkMergeImageFilter.obj) : error LNK2038: mismatch detected for 'annotate_string': value '0' doesn't match value '1' in main-a7d674.obj
skia.lib(skia.SkMorphologyImageFilter.obj) : error LNK2038: mismatch detected for 'annotate_string': value '0' doesn't match value '1' in main-a7d674.obj
skia.lib(skia.SkOffsetImageFilter.obj) : error LNK2038: mismatch detected for 'annotate_string': value '0' doesn't match value '1' in main-a7d674.obj
skia.lib(skia.SkPictureImageFilter.obj) : error LNK2038: mismatch detected for 'annotate_string': value '0' doesn't match value '1' in main-a7d674.obj
skia.lib(skia.SkRuntimeImageFilter.obj) : error LNK2038: mismatch detected for 'annotate_string': value '0' doesn't match value '1' in main-a7d674.obj
skia.lib(skia.SkShaderImageFilter.obj) : error LNK2038: mismatch detected for 'annotate_string': value '0' doesn't match value '1' in main-a7d674.obj
skia.lib(skia.SkTileImageFilter.obj) : error LNK2038: mismatch detected for 'annotate_string': value '0' doesn't match value '1' in main-a7d674.obj
skia.lib(skia.SkDashPathEffect.obj) : error LNK2038: mismatch detected for 'annotate_string': value '0' doesn't match value '1' in main-a7d674.obj
skia.lib(skia.SkEmbossMaskFilter.obj) : error LNK2038: mismatch detected for 'annotate_string': value '0' doesn't match value '1' in main-a7d674.obj
skia.lib(skia.SkOpPathEffect.obj) : error LNK2038: mismatch detected for 'annotate_string': value '0' doesn't match value '1' in main-a7d674.obj
skia.lib(skia.SkTrimPathEffect.obj) : error LNK2038: mismatch detected for 'annotate_string': value '0' doesn't match value '1' in main-a7d674.obj
skia.lib(skia.SkPictureShader.obj) : error LNK2038: mismatch detected for 'annotate_string': value '0' doesn't match value '1' in main-a7d674.obj
skia.lib(skia.SkMatrixImageFilter.obj) : error LNK2038: mismatch detected for 'annotate_string': value '0' doesn't match value '1' in main-a7d674.obj
skia.lib(skia.SkDWrite.obj) : error LNK2038: mismatch detected for 'annotate_string': value '0' doesn't match value '1' in main-a7d674.obj
skia.lib(fontmgr_win.SkTypeface_win_dw.obj) : error LNK2038: mismatch detected for 'annotate_string': value '0' doesn't match value '1' in main-a7d674.obj
skia.lib(fontmgr_win.SkFontMgr_indirect.obj) : error LNK2038: mismatch detected for 'annotate_string': value '0' doesn't match value '1' in main-a7d674.obj
skia.lib(gpu.GrOnFlushResourceProvider.obj) : error LNK2038: mismatch detected for 'annotate_string': value '0' doesn't match value '1' in main-a7d674.obj
skia.lib(gpu.AtlasInstancedHelper.obj) : error LNK2038: mismatch detected for 'annotate_string': value '0' doesn't match value '1' in main-a7d674.obj
skia.lib(gpu.GrTessellationShader.obj) : error LNK2038: mismatch detected for 'annotate_string': value '0' doesn't match value '1' in main-a7d674.obj
skia.lib(gpu.GrPathTessellationShader.obj) : error LNK2038: mismatch detected for 'annotate_string': value '0' doesn't match value '1' in main-a7d674.obj
skia.lib(gpu.PathTessellator.obj) : error LNK2038: mismatch detected for 'annotate_string': value '0' doesn't match value '1' in main-a7d674.obj
skia.lib(gpu.StrokeTessellator.obj) : error LNK2038: mismatch detected for 'annotate_string': value '0' doesn't match value '1' in main-a7d674.obj
skia.lib(gpu.GrStrokeTessellationShader.obj) : error LNK2038: mismatch detected for 'annotate_string': value '0' doesn't match value '1' in main-a7d674.obj
skia.lib(skia.SkSLSwitchCaseContainsExit.obj) : error LNK2038: mismatch detected for 'annotate_string': value '0' doesn't match value '1' in main-a7d674.obj
skia.lib(skia.SkSLCanExitWithoutReturningValue.obj) : error LNK2038: mismatch detected for 'annotate_string': value '0' doesn't match value '1' in main-a7d674.obj
skia.lib(skia.SkCodec.obj) : error LNK2038: mismatch detected for 'annotate_string': value '0' doesn't match value '1' in main-a7d674.obj
skia.lib(skia.SkEmbossMask.obj) : error LNK2038: mismatch detected for 'annotate_string': value '0' doesn't match value '1' in main-a7d674.obj
skia.lib(skia.SkPathOpsOp.obj) : error LNK2038: mismatch detected for 'annotate_string': value '0' doesn't match value '1' in main-a7d674.obj
skia.lib(skia.SkFontStream.obj) : error LNK2038: mismatch detected for 'annotate_string': value '0' doesn't match value '1' in main-a7d674.obj
skia.lib(fontmgr_win.SkScalerContext_win_dw.obj) : error LNK2038: mismatch detected for 'annotate_string': value '0' doesn't match value '1' in main-a7d674.obj
skia.lib(skia.SkOTUtils.obj) : error LNK2038: mismatch detected for 'annotate_string': value '0' doesn't match value '1' in main-a7d674.obj
skia.lib(gpu.GrVertexChunkArray.obj) : error LNK2038: mismatch detected for 'annotate_string': value '0' doesn't match value '1' in main-a7d674.obj
skia.lib(gpu_shared.FixedCountBufferUtils.obj) : error LNK2038: mismatch detected for 'annotate_string': value '0' doesn't match value '1' in main-a7d674.obj
skia.lib(skia.SkSampler.obj) : error LNK2038: mismatch detected for 'annotate_string': value '0' doesn't match value '1' in main-a7d674.obj
skia.lib(skia.SkBmpCodec.obj) : error LNK2038: mismatch detected for 'annotate_string': value '0' doesn't match value '1' in main-a7d674.obj
skia.lib(skia.SkWbmpCodec.obj) : error LNK2038: mismatch detected for 'annotate_string': value '0' doesn't match value '1' in main-a7d674.obj
skia.lib(skia.SkAndroidCodec.obj) : error LNK2038: mismatch detected for 'annotate_string': value '0' doesn't match value '1' in main-a7d674.obj
skia.lib(skia.SkPathOpsSimplify.obj) : error LNK2038: mismatch detected for 'annotate_string': value '0' doesn't match value '1' in main-a7d674.obj
skia.lib(skia.SkPathOpsDebug.obj) : error LNK2038: mismatch detected for 'annotate_string': value '0' doesn't match value '1' in main-a7d674.obj
skia.lib(skia.SkOpAngle.obj) : error LNK2038: mismatch detected for 'annotate_string': value '0' doesn't match value '1' in main-a7d674.obj
skia.lib(skia.SkOpSpan.obj) : error LNK2038: mismatch detected for 'annotate_string': value '0' doesn't match value '1' in main-a7d674.obj
skia.lib(skia.SkOpSegment.obj) : error LNK2038: mismatch detected for 'annotate_string': value '0' doesn't match value '1' in main-a7d674.obj
skia.lib(skia.SkAddIntersections.obj) : error LNK2038: mismatch detected for 'annotate_string': value '0' doesn't match value '1' in main-a7d674.obj
skia.lib(skia.SkPathWriter.obj) : error LNK2038: mismatch detected for 'annotate_string': value '0' doesn't match value '1' in main-a7d674.obj
skia.lib(skia.SkOpEdgeBuilder.obj) : error LNK2038: mismatch detected for 'annotate_string': value '0' doesn't match value '1' in main-a7d674.obj
skia.lib(skia.SkPathOpsCommon.obj) : error LNK2038: mismatch detected for 'annotate_string': value '0' doesn't match value '1' in main-a7d674.obj
skia.lib(skia.SkPathOpsWinding.obj) : error LNK2038: mismatch detected for 'annotate_string': value '0' doesn't match value '1' in main-a7d674.obj
skia.lib(skia.SkOTTable_name.obj) : error LNK2038: mismatch detected for 'annotate_string': value '0' doesn't match value '1' in main-a7d674.obj
skia.lib(skia.SkBmpMaskCodec.obj) : error LNK2038: mismatch detected for 'annotate_string': value '0' doesn't match value '1' in main-a7d674.obj
skia.lib(skia.SkBmpRLECodec.obj) : error LNK2038: mismatch detected for 'annotate_string': value '0' doesn't match value '1' in main-a7d674.obj
skia.lib(skia.SkBmpStandardCodec.obj) : error LNK2038: mismatch detected for 'annotate_string': value '0' doesn't match value '1' in main-a7d674.obj
skia.lib(skia.SkSwizzler.obj) : error LNK2038: mismatch detected for 'annotate_string': value '0' doesn't match value '1' in main-a7d674.obj
skia.lib(skia.SkSampledCodec.obj) : error LNK2038: mismatch detected for 'annotate_string': value '0' doesn't match value '1' in main-a7d674.obj
skia.lib(skia.SkOpCoincidence.obj) : error LNK2038: mismatch detected for 'annotate_string': value '0' doesn't match value '1' in main-a7d674.obj
skia.lib(skia.SkPathOpsTSect.obj) : error LNK2038: mismatch detected for 'annotate_string': value '0' doesn't match value '1' in main-a7d674.obj
skia.lib(skia.SkOpContour.obj) : error LNK2038: mismatch detected for 'annotate_string': value '0' doesn't match value '1' in main-a7d674.obj
skia.lib(skia.SkReduceOrder.obj) : error LNK2038: mismatch detected for 'annotate_string': value '0' doesn't match value '1' in main-a7d674.obj
skia.lib(skia.SkBmpBaseCodec.obj) : error LNK2038: mismatch detected for 'annotate_string': value '0' doesn't match value '1' in main-a7d674.obj
skia.lib(skia.SkMaskSwizzler.obj) : error LNK2038: mismatch detected for 'annotate_string': value '0' doesn't match value '1' in main-a7d674.obj
clang_rt.asan_dynamic-x86_64.lib(clang_rt.asan_dynamic-x86_64.dll) : error LNK2005: __asan_should_detect_stack_use_after_return already defined in clang_rt.asan-x86_64.lib(asan_win.cpp.obj)
clang_rt.asan_dynamic-x86_64.lib(clang_rt.asan_dynamic-x86_64.dll) : error LNK2005: __asan_get_shadow_memory_dynamic_address already defined in clang_rt.asan-x86_64.lib(asan_win.cpp.obj)
clang_rt.asan_dynamic-x86_64.lib(clang_rt.asan_dynamic-x86_64.dll) : error LNK2005: __asan_set_seh_filter already defined in clang_rt.asan-x86_64.lib(asan_win.cpp.obj)
   Creating library boxingGame.lib and object boxingGame.exp
clang_rt.asan_static_runtime_thunk-x86_64.lib(sanitizer_win_thunk_interception.cpp.obj) : error LNK2019: unresolved external symbol __imp___sanitizer_override_function referenced in function "int __cdecl __sanitizer::override_function(char const *,unsigned __int64)" (?override_function@__sanitizer@@YAHPEBD_K@Z)
clang_rt.asan_static_runtime_thunk-x86_64.lib(sanitizer_win_thunk_interception.cpp.obj) : error LNK2019: unresolved external symbol __imp___sanitizer_register_weak_function referenced in function "int __cdecl __sanitizer::register_weak(char const *,unsigned __int64)" (?register_weak@__sanitizer@@YAHPEBD_K@Z)
clang_rt.asan_static_runtime_thunk-x86_64.lib(asan_malloc_win_thunk.cpp.obj) : error LNK2019: unresolved external symbol __imp___asan_msize referenced in function _aligned_msize
clang_rt.asan_static_runtime_thunk-x86_64.lib(asan_malloc_win_thunk.cpp.obj) : error LNK2019: unresolved external symbol __imp___asan_free referenced in function _free_base
clang_rt.asan_static_runtime_thunk-x86_64.lib(asan_malloc_win_thunk.cpp.obj) : error LNK2019: unresolved external symbol __imp___asan_malloc referenced in function _malloc_base
clang_rt.asan_static_runtime_thunk-x86_64.lib(asan_malloc_win_thunk.cpp.obj) : error LNK2019: unresolved external symbol __imp___asan_calloc referenced in function _calloc_base
clang_rt.asan_static_runtime_thunk-x86_64.lib(asan_malloc_win_thunk.cpp.obj) : error LNK2019: unresolved external symbol __imp___asan_realloc referenced in function _realloc_base
clang_rt.asan_static_runtime_thunk-x86_64.lib(asan_malloc_win_thunk.cpp.obj) : error LNK2019: unresolved external symbol __imp___asan_recalloc referenced in function _recalloc
clang_rt.asan_static_runtime_thunk-x86_64.lib(asan_malloc_win_thunk.cpp.obj) : error LNK2019: unresolved external symbol __imp___asan_aligned_malloc referenced in function _aligned_malloc
clang_rt.asan_static_runtime_thunk-x86_64.lib(asan_malloc_win_thunk.cpp.obj) : error LNK2019: unresolved external symbol __imp___asan_aligned_free referenced in function _aligned_free
clang_rt.asan_static_runtime_thunk-x86_64.lib(asan_malloc_win_thunk.cpp.obj) : error LNK2019: unresolved external symbol __imp___asan_aligned_realloc referenced in function _aligned_offset_realloc
clang_rt.asan_static_runtime_thunk-x86_64.lib(asan_malloc_win_thunk.cpp.obj) : error LNK2019: unresolved external symbol __imp___asan_aligned_recalloc referenced in function _aligned_offset_recalloc
boxingGame.exe : fatal error LNK1120: 12 unresolved externals
